<?xml version="1.0" encoding="UTF-8" ?>
<testsuites>
  <testsuite errors="0" failures="0" hostname="debian23006503" id="0" name="LibrarianSpec" package="com.library" tests="1" time="4.957" timestamp="2015-03-16T12:40:10">
      <properties />

      <testcase classname="com.library.LibrarianSpec" name="test toString" time="4.81" />

      <system-out><![CDATA[--Output from test toString--
]]></system-out>

      <system-err><![CDATA[--Output from test toString--
]]></system-err>

  </testsuite>
</testsuites>
